#
# There is insufficient memory for the Java Runtime Environment to continue.
# Native memory allocation (mmap) failed to map 125829120 bytes for G1 virtual space
# Possible reasons:
#   The system is out of physical RAM or swap space
#   The process is running with CompressedOops enabled, and the Java Heap may be blocking the growth of the native heap
# Possible solutions:
#   Reduce memory load on the system
#   Increase physical memory or swap space
#   Check if swap backing store is full
#   Decrease Java heap size (-Xmx/-Xms)
#   Decrease number of Java threads
#   Decrease Java thread stack sizes (-Xss)
#   Set larger code cache with -XX:ReservedCodeCacheSize=
#   JVM is running with Unscaled Compressed Oops mode in which the Java heap is
#     placed in the first 4GB address space. The Java Heap base address is the
#     maximum limit for the native heap growth. Please use -XX:HeapBaseMinAddress
#     to set the Java Heap base and to place the Java Heap above 4GB virtual address.
# This output file may be truncated or incomplete.
#
#  Out of Memory Error (os_windows.cpp:3532), pid=20828, tid=4560
#
# JRE version:  (17.0.2+8) (build )
# Java VM: OpenJDK 64-Bit Server VM (17.0.2+8-86, mixed mode, sharing, tiered, compressed oops, compressed class ptrs, g1 gc, windows-amd64)
# No core dump will be written. Minidumps are not enabled by default on client versions of Windows
#

---------------  S U M M A R Y ------------

Command Line: -Djava.security.manager=allow -Dant.home=C:\Users\A One Trick Pony\Downloads\Compressed\apache-ant-1.10.13-bin org.apache.tools.ant.launch.Launcher run

Host: Intel(R) Core(TM) i7-6500U CPU @ 2.50GHz, 4 cores, 7G,  Windows 11 , 64 bit Build 22000 (10.0.22000.1516)
Time: Sat Feb 25 22:21:38 2023 E. Africa Standard Time elapsed time: 0.036607 seconds (0d 0h 0m 0s)

---------------  T H R E A D  ---------------

Current thread (0x000001f857592e80):  JavaThread "Unknown thread" [_thread_in_vm, id=4560, stack(0x000000c030500000,0x000000c030600000)]

Stack: [0x000000c030500000,0x000000c030600000]
Native frames: (J=compiled Java code, j=interpreted, Vv=VM code, C=native code)
V  [jvm.dll+0x670baa]
V  [jvm.dll+0x7cfcb4]
V  [jvm.dll+0x7d145e]
V  [jvm.dll+0x7d1ac3]
V  [jvm.dll+0x242bc5]
V  [jvm.dll+0x66dac9]
V  [jvm.dll+0x662412]
V  [jvm.dll+0x300c0b]
V  [jvm.dll+0x3081a6]
V  [jvm.dll+0x357d0e]
V  [jvm.dll+0x357f3f]
V  [jvm.dll+0x2d7ec8]
V  [jvm.dll+0x2d8e34]
V  [jvm.dll+0x7a18c1]
V  [jvm.dll+0x365a91]
V  [jvm.dll+0x780d2c]
V  [jvm.dll+0x3e845f]
V  [jvm.dll+0x3e9f01]
C  [jli.dll+0x527b]
C  [ucrtbase.dll+0x26c0c]
C  [KERNEL32.DLL+0x155a0]
C  [ntdll.dll+0x485b]


---------------  P R O C E S S  ---------------

Threads class SMR info:
_java_thread_list=0x00007ffb194f9858, length=0, elements={
}

Java Threads: ( => current thread )

Other Threads:
  0x000001f8575ceb40 GCTaskThread "GC Thread#0" [stack: 0x000000c030600000,0x000000c030700000] [id=9080]
  0x000001f8575df6e0 ConcurrentGCThread "G1 Main Marker" [stack: 0x000000c030700000,0x000000c030800000] [id=13184]
  0x000001f8575e2f20 ConcurrentGCThread "G1 Conc#0" [stack: 0x000000c030800000,0x000000c030900000] [id=4680]

[error occurred during error reporting (printing all threads), id 0xc0000005, EXCEPTION_ACCESS_VIOLATION (0xc0000005) at pc=0x00007ffb18d488a7]

VM state: not at safepoint (not fully initialized)

VM Mutex/Monitor currently owned by a thread:  ([mutex/lock_event])
[0x000001f85758dc80] Heap_lock - owner thread: 0x000001f857592e80

Heap address: 0x0000000089600000, size: 1898 MB, Compressed Oops mode: 32-bit

CDS archive(s) mapped at: [0x0000000000000000-0x0000000000000000-0x0000000000000000), size 0, SharedBaseAddress: 0x0000000800000000, ArchiveRelocationMode: 0.
Narrow klass base: 0x0000000000000000, Narrow klass shift: 0, Narrow klass range: 0x0

GC Precious Log:
<Empty>

Heap:
 garbage-first heap   total 0K, used 0K [0x0000000089600000, 0x0000000100000000)
  region size 1024K, 0 young (0K), 0 survivors (0K)

[error occurred during error reporting (printing heap information), id 0xc0000005, EXCEPTION_ACCESS_VIOLATION (0xc0000005) at pc=0x00007ffb19129f19]

GC Heap History (0 events):
No events

Deoptimization events (0 events):
No events

Classes unloaded (0 events):
No events

Classes redefined (0 events):
No events

Internal exceptions (0 events):
No events

VM Operations (0 events):
No events

Events (1 events):
Event: 0.013 Loaded shared library C:\Program Files\.jdks\openjdk-17.0.2\bin\java.dll


Dynamic libraries:
0x00007ff7694c0000 - 0x00007ff7694ce000 	C:\Program Files\.jdks\openjdk-17.0.2\bin\java.exe
0x00007ffb88a80000 - 0x00007ffb88c89000 	C:\WINDOWS\SYSTEM32\ntdll.dll
0x00007ffb87bc0000 - 0x00007ffb87c7e000 	C:\WINDOWS\System32\KERNEL32.DLL
0x00007ffb86070000 - 0x00007ffb863ec000 	C:\WINDOWS\System32\KERNELBASE.dll
0x00007ffb85f50000 - 0x00007ffb86061000 	C:\WINDOWS\System32\ucrtbase.dll
0x00007ffb58680000 - 0x00007ffb58698000 	C:\Program Files\.jdks\openjdk-17.0.2\bin\jli.dll
0x00007ffb87a10000 - 0x00007ffb87bbd000 	C:\WINDOWS\System32\USER32.dll
0x00007ffb86760000 - 0x00007ffb86786000 	C:\WINDOWS\System32\win32u.dll
0x00007ffb87450000 - 0x00007ffb87479000 	C:\WINDOWS\System32\GDI32.dll
0x00007ffb863f0000 - 0x00007ffb86508000 	C:\WINDOWS\System32\gdi32full.dll
0x00007ffb86510000 - 0x00007ffb865ad000 	C:\WINDOWS\System32\msvcp_win.dll
0x00007ffb484e0000 - 0x00007ffb484fa000 	C:\Program Files\.jdks\openjdk-17.0.2\bin\VCRUNTIME140.dll
0x00007ffb6c980000 - 0x00007ffb6cc25000 	C:\WINDOWS\WinSxS\amd64_microsoft.windows.common-controls_6595b64144ccf1df_6.0.22000.120_none_9d947278b86cc467\COMCTL32.dll
0x00007ffb882c0000 - 0x00007ffb88363000 	C:\WINDOWS\System32\msvcrt.dll
0x00007ffb88160000 - 0x00007ffb88192000 	C:\WINDOWS\System32\IMM32.DLL
0x00007ffb4e590000 - 0x00007ffb4e59c000 	C:\Program Files\.jdks\openjdk-17.0.2\bin\vcruntime140_1.dll
0x00007ffb19630000 - 0x00007ffb196bd000 	C:\Program Files\.jdks\openjdk-17.0.2\bin\msvcp140.dll
0x00007ffb18a60000 - 0x00007ffb19621000 	C:\Program Files\.jdks\openjdk-17.0.2\bin\server\jvm.dll
0x00007ffb87e40000 - 0x00007ffb87eee000 	C:\WINDOWS\System32\ADVAPI32.dll
0x00007ffb87ff0000 - 0x00007ffb8808e000 	C:\WINDOWS\System32\sechost.dll
0x00007ffb881a0000 - 0x00007ffb882c0000 	C:\WINDOWS\System32\RPCRT4.dll
0x00007ffb88800000 - 0x00007ffb88808000 	C:\WINDOWS\System32\PSAPI.DLL
0x00007ffb60e60000 - 0x00007ffb60e69000 	C:\WINDOWS\SYSTEM32\WSOCK32.dll
0x00007ffb7e7e0000 - 0x00007ffb7e813000 	C:\WINDOWS\SYSTEM32\WINMM.dll
0x00007ffb88090000 - 0x00007ffb880ff000 	C:\WINDOWS\System32\WS2_32.dll
0x00007ffb7e400000 - 0x00007ffb7e40a000 	C:\WINDOWS\SYSTEM32\VERSION.dll
0x00007ffb850c0000 - 0x00007ffb850d8000 	C:\WINDOWS\SYSTEM32\kernel.appcore.dll
0x00007ffb48860000 - 0x00007ffb4886a000 	C:\Program Files\.jdks\openjdk-17.0.2\bin\jimage.dll
0x00007ffb83a70000 - 0x00007ffb83c91000 	C:\WINDOWS\SYSTEM32\DBGHELP.DLL
0x00007ffb7c9b0000 - 0x00007ffb7c9e1000 	C:\WINDOWS\SYSTEM32\dbgcore.DLL
0x00007ffb86620000 - 0x00007ffb8669f000 	C:\WINDOWS\System32\bcryptPrimitives.dll
0x00007ffb42550000 - 0x00007ffb42575000 	C:\Program Files\.jdks\openjdk-17.0.2\bin\java.dll

dbghelp: loaded successfully - version: 4.0.5 - missing functions: none
symbol engine: initialized successfully - sym options: 0x614 - pdb path: .;C:\Program Files\.jdks\openjdk-17.0.2\bin;C:\WINDOWS\SYSTEM32;C:\WINDOWS\WinSxS\amd64_microsoft.windows.common-controls_6595b64144ccf1df_6.0.22000.120_none_9d947278b86cc467;C:\Program Files\.jdks\openjdk-17.0.2\bin\server

VM Arguments:
jvm_args: -Djava.security.manager=allow -Dant.home=C:\Users\A One Trick Pony\Downloads\Compressed\apache-ant-1.10.13-bin 
java_command: org.apache.tools.ant.launch.Launcher run
java_class_path (initial): C:\Users\A One Trick Pony\Downloads\Compressed\apache-ant-1.10.13-bin\lib\ant-launcher.jar
Launcher Type: SUN_STANDARD

[Global flags]
     intx CICompilerCount                          = 3                                         {product} {ergonomic}
     uint ConcGCThreads                            = 1                                         {product} {ergonomic}
     uint G1ConcRefinementThreads                  = 4                                         {product} {ergonomic}
   size_t G1HeapRegionSize                         = 1048576                                   {product} {ergonomic}
    uintx GCDrainStackTargetSize                   = 64                                        {product} {ergonomic}
   size_t InitialHeapSize                          = 125829120                                 {product} {ergonomic}
   size_t MarkStackSize                            = 4194304                                   {product} {ergonomic}
   size_t MaxHeapSize                              = 1990197248                                {product} {ergonomic}
   size_t MinHeapDeltaBytes                        = 1048576                                   {product} {ergonomic}
   size_t MinHeapSize                              = 8388608                                   {product} {ergonomic}
    uintx NonNMethodCodeHeapSize                   = 5832780                                {pd product} {ergonomic}
    uintx NonProfiledCodeHeapSize                  = 122912730                              {pd product} {ergonomic}
    uintx ProfiledCodeHeapSize                     = 122912730                              {pd product} {ergonomic}
    uintx ReservedCodeCacheSize                    = 251658240                              {pd product} {ergonomic}
     bool SegmentedCodeCache                       = true                                      {product} {ergonomic}
   size_t SoftMaxHeapSize                          = 1990197248                             {manageable} {ergonomic}
     bool UseCompressedClassPointers               = true                           {product lp64_product} {ergonomic}
     bool UseCompressedOops                        = true                           {product lp64_product} {ergonomic}
     bool UseG1GC                                  = true                                      {product} {ergonomic}
     bool UseLargePagesIndividualAllocation        = false                                  {pd product} {ergonomic}

Logging:
Log output configuration:
 #0: stdout all=warning uptime,level,tags
 #1: stderr all=off uptime,level,tags

Environment Variables:
JAVA_HOME=C:\Program Files\.jdks\openjdk-17.0.2
PATH=C:\WINDOWS\system32;C:\WINDOWS;C:\WINDOWS\System32\Wbem;C:\WINDOWS\System32\WindowsPowerShell\v1.0\;C:\WINDOWS\System32\OpenSSH\;C:\Program Files (x86)\Intel\Intel(R) Management Engine Components\DAL;C:\Program Files\Intel\Intel(R) Management Engine Components\DAL;C:\flutter\bin;C:\Program Files\Microsoft SQL Server\150\Tools\Binn\;C:\Program Files\Microsoft SQL Server\Client SDK\ODBC\170\Tools\Binn\;C:\Program Files\Git\cmd;C:\Program Files\CodeBlocks\MinGW\bin;C:\Program Files\dotnet\;'C:\Users\A One Trick Pony\AppData\Local\Programs\Python\Python310\Scripts';C:\Program Files\CodeBlocks\MinGW\bin;'C:\Users\A One Trick Pony\AppData\Local\Packages\PythonSoftwareFoundation.Python.3.10_qbz5n2kfra8p0\LocalCache\local-packages\Python310\Scripts';c:\program files\windowsapps\pythonsoftwarefoundation.python.3.10_3.10.1264.0_x64__qbz5n2kfra8p0\lib\site-packages;C:\sqlite\;C:\Python27\python.exe;C:\Program Files\nodejs\;C:\Program Files\dotnet\dotnet.exe;C:\Program Files\PuTTY\;C:\Strawberry\perl\bin\perl.exe;C:\Users\A One Trick Pony\MiKTeX\miktex\bin\x64;C:\Program Files\MySQL\MySQL Server 8.0\bin\mysql.exe;C:\Program Files\Maven\apache-maven-3.8.6\bin;C:\Program Files\.jdks\openjdk-17.0.2\bin;C:\Users\A One Trick Pony\AppData\Local\Pub\Cache\bin;C:\Program Files\PostgreSQL\14\bin;C:\Program Files\Apache Software Foundation\Tomcat 9.0\bin;C:\Users\A One Trick Pony\Downloads\Compressed\apache-ant-1.10.13-bin\bin;C:\Program Files\MySQL\MySQL Shell 8.0\bin\;C:\Users\A One Trick Pony\AppData\Local\Microsoft\WindowsApps;C:\Users\A One Trick Pony\AppData\Local\Programs\Microsoft VS Code\bin;C:\Program Files\JetBrains\IntelliJ IDEA Community Edition 2021.3.2\bin;;C:\Users\A One Trick Pony\.dotnet\tools;C:\Program Files\JetBrains\PyCharm Community Edition 2021.3.3\bin;;C:\Users\A One Trick Pony\AppData\Local\GitHubDesktop\bin;C:\Users\A One Trick Pony\AppData\Roaming\npm;C:\Strawberry\perl\bin;C:\Users\A One Trick Pony\AppData\Local\Programs\MiKTeX\miktex\bin\x64\;C:\Users\A On
USERNAME=A One Trick Pony
LANG=en_US.UTF-8
OS=Windows_NT
PROCESSOR_IDENTIFIER=Intel64 Family 6 Model 78 Stepping 3, GenuineIntel



---------------  S Y S T E M  ---------------

OS:
 Windows 11 , 64 bit Build 22000 (10.0.22000.1516)
OS uptime: 10 days 6:22 hours
Hyper-V role detected

CPU: total 4 (initial active 4) (2 cores per cpu, 2 threads per core) family 6 model 78 stepping 3 microcode 0xea, cx8, cmov, fxsr, ht, mmx, 3dnowpref, sse, sse2, sse3, ssse3, sse4.1, sse4.2, popcnt, lzcnt, tsc, tscinvbit, avx, avx2, aes, erms, clmul, bmi1, bmi2, adx, fma, vzeroupper, clflush, clflushopt, hv

Memory: 4k page, system-wide physical 7591M (562M free)
TotalPageFile size 19879M (AvailPageFile size 75M)
current process WorkingSet (physical memory assigned to process): 10M, peak: 10M
current process commit charge ("private bytes"): 51M, peak: 171M

vm_info: OpenJDK 64-Bit Server VM (17.0.2+8-86) for windows-amd64 JRE (17.0.2+8-86), built on Dec  7 2021 21:49:10 by "mach5one" with MS VC++ 16.8 / 16.9 (VS2019)

END.
